d:\projects\deform2d\third\freeglut-3.2.1\build\freeglut_static.dir\release\fg_teapot.obj
d:\projects\deform2d\third\freeglut-3.2.1\build\freeglut_static.dir\release\fg_structure.obj
d:\projects\deform2d\third\freeglut-3.2.1\build\freeglut_static.dir\release\fg_stroke_roman.obj
d:\projects\deform2d\third\freeglut-3.2.1\build\freeglut_static.dir\release\fg_stroke_mono_roman.obj
d:\projects\deform2d\third\freeglut-3.2.1\build\freeglut_static.dir\release\fg_state.obj
d:\projects\deform2d\third\freeglut-3.2.1\build\freeglut_static.dir\release\fg_spaceball.obj
d:\projects\deform2d\third\freeglut-3.2.1\build\freeglut_static.dir\release\fg_overlay.obj
d:\projects\deform2d\third\freeglut-3.2.1\build\freeglut_static.dir\release\fg_misc.obj
d:\projects\deform2d\third\freeglut-3.2.1\build\freeglut_static.dir\release\fg_main.obj
d:\projects\deform2d\third\freeglut-3.2.1\build\freeglut_static.dir\release\fg_joystick.obj
d:\projects\deform2d\third\freeglut-3.2.1\build\freeglut_static.dir\release\fg_input_devices.obj
d:\projects\deform2d\third\freeglut-3.2.1\build\freeglut_static.dir\release\fg_init.obj
d:\projects\deform2d\third\freeglut-3.2.1\build\freeglut_static.dir\release\fg_gl2.obj
d:\projects\deform2d\third\freeglut-3.2.1\build\freeglut_static.dir\release\fg_geometry.obj
d:\projects\deform2d\third\freeglut-3.2.1\build\freeglut_static.dir\release\fg_gamemode.obj
d:\projects\deform2d\third\freeglut-3.2.1\build\freeglut_static.dir\release\fg_font_data.obj
d:\projects\deform2d\third\freeglut-3.2.1\build\freeglut_static.dir\release\fg_ext.obj
d:\projects\deform2d\third\freeglut-3.2.1\build\freeglut_static.dir\release\fg_display.obj
d:\projects\deform2d\third\freeglut-3.2.1\build\freeglut_static.dir\release\fg_cursor.obj
d:\projects\deform2d\third\freeglut-3.2.1\build\freeglut_static.dir\release\fg_callbacks.obj
d:\projects\deform2d\third\freeglut-3.2.1\build\freeglut_static.dir\release\xparsegeometry_repl.obj
d:\projects\deform2d\third\freeglut-3.2.1\build\freeglut_static.dir\release\fg_window_mswin.obj
d:\projects\deform2d\third\freeglut-3.2.1\build\freeglut_static.dir\release\fg_structure_mswin.obj
d:\projects\deform2d\third\freeglut-3.2.1\build\freeglut_static.dir\release\fg_state_mswin.obj
d:\projects\deform2d\third\freeglut-3.2.1\build\freeglut_static.dir\release\fg_spaceball_mswin.obj
d:\projects\deform2d\third\freeglut-3.2.1\build\freeglut_static.dir\release\fg_menu_mswin.obj
d:\projects\deform2d\third\freeglut-3.2.1\build\freeglut_static.dir\release\fg_main_mswin.obj
d:\projects\deform2d\third\freeglut-3.2.1\build\freeglut_static.dir\release\fg_joystick_mswin.obj
d:\projects\deform2d\third\freeglut-3.2.1\build\freeglut_static.dir\release\fg_input_devices_mswin.obj
d:\projects\deform2d\third\freeglut-3.2.1\build\freeglut_static.dir\release\fg_init_mswin.obj
d:\projects\deform2d\third\freeglut-3.2.1\build\freeglut_static.dir\release\fg_gamemode_mswin.obj
d:\projects\deform2d\third\freeglut-3.2.1\build\freeglut_static.dir\release\fg_ext_mswin.obj
d:\projects\deform2d\third\freeglut-3.2.1\build\freeglut_static.dir\release\fg_display_mswin.obj
d:\projects\deform2d\third\freeglut-3.2.1\build\freeglut_static.dir\release\fg_cursor_mswin.obj
d:\projects\deform2d\third\freeglut-3.2.1\build\freeglut_static.dir\release\fg_menu.obj
d:\projects\deform2d\third\freeglut-3.2.1\build\freeglut_static.dir\release\fg_font.obj
d:\projects\deform2d\third\freeglut-3.2.1\build\freeglut_static.dir\release\fg_window.obj
d:\projects\deform2d\third\freeglut-3.2.1\build\freeglut_static.dir\release\fg_videoresize.obj
d:\projects\deform2d\third\freeglut-3.2.1\build\cmakefiles\generate.stamp
d:\projects\deform2d\third\freeglut-3.2.1\build\lib\release\freeglut_static.lib
d:\projects\deform2d\third\freeglut-3.2.1\build\freeglut_static.dir\release\freeglut.res
d:\projects\deform2d\dist\release\freeglut_static.lib
d:\projects\deform2d\third\freeglut-3.2.1\build\freeglut_static.dir\release\freeglut_static.tlog\cl.command.1.tlog
d:\projects\deform2d\third\freeglut-3.2.1\build\freeglut_static.dir\release\freeglut_static.tlog\cl.read.1.tlog
d:\projects\deform2d\third\freeglut-3.2.1\build\freeglut_static.dir\release\freeglut_static.tlog\cl.write.1.tlog
d:\projects\deform2d\third\freeglut-3.2.1\build\freeglut_static.dir\release\freeglut_static.tlog\custombuild.command.1.tlog
d:\projects\deform2d\third\freeglut-3.2.1\build\freeglut_static.dir\release\freeglut_static.tlog\custombuild.read.1.tlog
d:\projects\deform2d\third\freeglut-3.2.1\build\freeglut_static.dir\release\freeglut_static.tlog\custombuild.write.1.tlog
d:\projects\deform2d\third\freeglut-3.2.1\build\freeglut_static.dir\release\freeglut_static.tlog\lib-link-cvtres.read.1.tlog
d:\projects\deform2d\third\freeglut-3.2.1\build\freeglut_static.dir\release\freeglut_static.tlog\lib-link-cvtres.write.1.tlog
d:\projects\deform2d\third\freeglut-3.2.1\build\freeglut_static.dir\release\freeglut_static.tlog\lib.command.1.tlog
d:\projects\deform2d\third\freeglut-3.2.1\build\freeglut_static.dir\release\freeglut_static.tlog\rc.command.1.tlog
d:\projects\deform2d\third\freeglut-3.2.1\build\freeglut_static.dir\release\freeglut_static.tlog\rc.read.1.tlog
d:\projects\deform2d\third\freeglut-3.2.1\build\freeglut_static.dir\release\freeglut_static.tlog\rc.write.1.tlog
